<?xml version="1.0" encoding="UTF-8"?>
<!-- Generated by org.testng.reporters.JUnitReportReporter -->
<testsuite hostname="fpkincedoqcw27" failures="0" tests="1" name="com.amk.cucumber.runner.getApiTestDD" time="0.017" errors="0" timestamp="23 Mar 2022 13:29:24 GMT">
  <testcase classname="com.amk.cucumber.runner.getApiTestDD" name="meth" time="0.017"/>
</testsuite> <!-- com.amk.cucumber.runner.getApiTestDD -->
